PUT /updateUser/5eaa77f848347e30f8d48f24 200 96.774 ms
GET /transferFunds/5eaa77f848347e30f8d48f24 403 286.949 ms
GET /transferFunds/5eaa77f848347e30f8d48f24 200 166.508 ms
GET /getAllUsers 200 16.660 ms
GET /getAllUsers 200 9.234 ms
POST /signup 400 21.205 ms
POST /signup 200 337.377 ms
POST /login 500 4.893 ms
POST /login 400 39.779 ms
POST /login 200 230.883 ms
PUT /updateUser/5eaad8e7b5eb332230bc0705 200 24.570 ms
GET /getAllUsers 200 13.293 ms
GET /transferFunds/5eaad8e7b5eb332230bc0705 403 196.974 ms
GET /transferFunds/5eaad8e7b5eb332230bc0705 200 158.623 ms
GET /getAllUsers 200 8.035 ms
GET /logs 500 3.421 ms
GET /logs 200 18.781 ms
GET /logs 200 3.016 ms
POST /signup 200 1087.690 ms
POST /login 200 757.032 ms
PUT /updateUser/5eaad8e7b5eb332230bc0705 400 843.238 ms
PUT /updateUser/5eaadc7a2ea8e73a042c3177 200 548.655 ms
