POST /signup 200 2149.884 ms
POST /login 200 970.386 ms
GET /getUser/5e9f0f4a77cc3a0ebcabaad9 200 507.336 ms
PUT /updateUser/5e9f0f4a77cc3a0ebcabaad9 200 490.114 ms
GET /getAllUsers 200 2700.815 ms
GET /logs 200 49.044 ms
PUT /updateUser/5e9f0f4a77cc3a0ebcabaad9 200 4724.041 ms
POST /login 200 2803.442 ms
POST /login 200 2782.929 ms
GET /getUser/5e9f8de8d0df4c00179a24bb 200 466.522 ms
GET /protected 500 8.497 ms
GET /protected 500 11.865 ms
GET /protected 500 1.560 ms
GET /protected 500 7.840 ms
GET / 404 2.671 ms
GET /protected 500 1.158 ms
GET /protected 404 8.541 ms
POST /login 403 420.546 ms
GET /login 404 0.491 ms
GET /logs 200 7.120 ms
GET /favicon.ico 404 1.101 ms
GET /protected 200 8.005 ms
GET /protected 500 9.727 ms
GET /protected 500 10.031 ms
GET /protected 500 1.010 ms
GET /protected 500 12.810 ms
GET /protected 500 12.113 ms
POST /login 403 362.452 ms
POST /login 200 2435.319 ms
POST /login 200 787.838 ms
